Arguments: 
  C:\Program Files\nodejs\node.exe C:\Users\toutpuissantged\AppData\Roaming\npm\node_modules\yarn\bin\yarn.js add expo

PATH: 
  C:\Program Files\ConEmu\ConEmu\Scripts;C:\Program Files\ConEmu;C:\Program Files\ConEmu\ConEmu;C:\Program Files\Zulu\zulu-11\bin\;C:\Windows\system32;C:\Windows;C:\Windows\System32\Wbem;C:\Windows\System32\WindowsPowerShell\v1.0\;C:\Windows\System32\OpenSSH\;C:\ProgramData\chocolatey\bin;C:\Program Files\Git\cmd;C:\Program Files\nodejs\;C:\php-8.0.10-nts-Win32-vs16-x64;C:\Users\toutpuissantged\AppData\Local\Programs\Python\Python39-32\Scripts\;C:\Users\toutpuissantged\AppData\Local\Programs\Python\Python39-32\;C:\Users\toutpuissantged\AppData\Local\Programs\Python\Python310\Scripts\;C:\Users\toutpuissantged\AppData\Local\Programs\Python\Python310\;C:\Users\toutpuissantged\AppData\Local\Microsoft\WindowsApps;C:\Users\toutpuissantged\AppData\Roaming\npm;C:\Users\toutpuissantged\AppData\Local\Programs\Microsoft VS Code\bin;C:\Users\toutpuissantged\AppData\Local\GitHubDesktop\bin

Yarn version: 
  1.22.15

Node version: 
  14.17.5

Platform: 
  win32 x64

Trace: 
  Error: https://registry.yarnpkg.com/core-js/-/core-js-2.6.12.tgz: ESOCKETTIMEDOUT
      at ClientRequest.<anonymous> (C:\Users\toutpuissantged\AppData\Roaming\npm\node_modules\yarn\lib\cli.js:141512:19)
      at Object.onceWrapper (events.js:519:28)
      at ClientRequest.emit (events.js:400:28)
      at TLSSocket.emitRequestTimeout (_http_client.js:790:9)
      at Object.onceWrapper (events.js:519:28)
      at TLSSocket.emit (events.js:412:35)
      at TLSSocket.Socket._onTimeout (net.js:484:8)
      at listOnTimeout (internal/timers.js:557:17)
      at processTimers (internal/timers.js:500:7)

npm manifest: 
  {
    "main": "node_modules/expo/AppEntry.js",
    "scripts": {
      "start": "expo start",
      "android": "expo start --android",
      "ios": "expo start --ios",
      "web": "expo start --web",
      "eject": "expo eject"
    },
    "dependencies": {
      "expo": "~42.0.1",
      "expo-status-bar": "~1.0.4",
      "react": "16.13.1",
      "react-dom": "16.13.1",
      "react-native": "https://github.com/expo/react-native/archive/sdk-42.0.0.tar.gz",
      "react-native-web": "~0.13.12",
      "react-native-paper": "3.6.0",
      "expo-constants": "~11.0.2",
      "axios": "*",
      "react-native-elements": "*",
      "react-native-safe-area-context": "3.2.0",
      "@expo/vector-icons": "^12.0.0",
      "react-bootstrap": "*"
    },
    "devDependencies": {
      "@babel/core": "^7.9.0"
    },
    "private": true
  }

yarn manifest: 
  No manifest

Lockfile: 
  No lockfile
